
> frontend@0.1.0 build
> next build

   Ôû▓ Next.js 15.1.9

   Creating an optimized production build ...
 Ô£ô Compiled successfully
   Linting and checking validity of types ...
   Collecting page data ...
   Generating static pages (0/10) ...
node.exe : Error occurred prerendering page "/login". Read more: https://nextjs.org/docs/messages/prerender-error
No linha:1 caractere:1
+ & "C:\Program Files\nodejs/node.exe" "C:\Program Files\nodejs/node_mo ...
+ ~~~~~~~~~~~~~~~~~~~~~~~~~~~~~~~~~~~~~~~~~~~~~~~~~~~~~~~~~~~~~~~~~~~~~
    + CategoryInfo          : NotSpecified: (Error occurred ...prerender-error:String) [], RemoteException
    + FullyQualifiedErrorId : NativeCommandError
 
Error: supabaseUrl is required.
    at D:\Projetos\autyoutube\dashboardautyoutube\.next\server\chunks\782.js:37:48146
    at new rg (D:\Projetos\autyoutube\dashboardautyoutube\.next\server\chunks\782.js:37:48397)
    at ry (D:\Projetos\autyoutube\dashboardautyoutube\.next\server\chunks\782.js:37:52136)
    at 5842 (D:\Projetos\autyoutube\dashboardautyoutube\.next\server\app\login\page.js:1:5577)
    at t (D:\Projetos\autyoutube\dashboardautyoutube\.next\server\webpack-runtime.js:1:127)
    at 6131 (D:\Projetos\autyoutube\dashboardautyoutube\.next\server\app\login\page.js:1:3037)
    at Object.t [as require] (D:\Projetos\autyoutube\dashboardautyoutube\.next\server\webpack-runtime.js:1:127)
    at require (D:\Projetos\autyoutube\dashboardautyoutube\node_modules\next\dist\compiled\next-server\app-page.runtime
.prod.js:131:7946)
    at c (D:\Projetos\autyoutube\dashboardautyoutube\node_modules\next\dist\compiled\next-server\app-page.runtime.prod.
js:36:680)
    at U (D:\Projetos\autyoutube\dashboardautyoutube\node_modules\next\dist\compiled\next-server\app-page.runtime.prod.
js:36:10533)
Export encountered an error on /login/page: /login, exiting the build.
 Ô¿» Next.js build worker exited with code: 1 and signal: null
